<?xml version="1.0" encoding="UTF-8"?>
<testng-results ignored="0" total="1" passed="1" failed="0" skipped="0">
  <reporter-output>
  </reporter-output>
  <suite started-at="2023-03-03T00:58:14 EST" name="Surefire suite" finished-at="2023-03-03T00:58:22 EST" duration-ms="7336">
    <groups>
    </groups>
    <test started-at="2023-03-03T00:58:14 EST" name="Surefire test" finished-at="2023-03-03T00:58:22 EST" duration-ms="7336">
      <class name="com.example.demo.SareetaApplicationTests">
        <test-method signature="contextLoads()" started-at="2023-03-03T00:58:15 EST" name="contextLoads" finished-at="2023-03-03T00:58:22 EST" duration-ms="6854" status="PASS">
          <reporter-output>
          </reporter-output>
        </test-method> <!-- contextLoads -->
      </class> <!-- com.example.demo.SareetaApplicationTests -->
    </test> <!-- Surefire test -->
  </suite> <!-- Surefire suite -->
</testng-results>
